[fdclass.com.br/kitwin10-ebook/index.html]
[backblue.gif]
[fade.gif]
[index.html]
[fdclass.com.br/wp-content/cache/wpfc-minified/9k8dazpp/63ntc.css]
[fdclass.com.br/wp-content/cache/wpfc-minified/1euddkzs/63ntc.css]
[fdclass.com.br/wp-content/uploads/elementor/css/post-4a78f.css]
[fdclass.com.br/wp-content/cache/wpfc-minified/qm0kknzu/63ntc.css]
[fdclass.com.br/wp-content/uploads/elementor/css/post-2377e7fa.css]
[fdclass.com.br/wp-content/cache/wpfc-minified/97ajriqx/63ntc.css]
[fdclass.com.br/wp-includes/js/jquery/jquery-migrate.mind617.js]
[connect.facebook.net/en_US/fbevents.js]
[fdclass.com.br/wp-includes/js/jquery/jquery.minaf6c.js]
[fdclass.com.br/wp-content/uploads/2021/10/cropped-photo_2021-10-08_17-48-12-2-32x32.jpg]
[fdclass.com.br/wp-content/uploads/2021/10/cropped-photo_2021-10-08_17-48-12-2-192x192.jpg]
[fdclass.com.br/wp-content/uploads/2021/10/cropped-photo_2021-10-08_17-48-12-2-180x180.jpg]
[fdclass.com.br/wp-content/uploads/elementor/thumbs/mockup-kit-formate-rapido-min-1-pfoxugeo3wc6te5pilgcpgzdi6emtxtn0fw7k2l6ic.png]
[fdclass.com.br/wp-content/cache/wpfc-minified/6yif3tmt/63ntc.css]
[fdclass.com.br/wp-content/uploads/2022/04/D06-LEIGO.jpg]
[fdclass.com.br/wp-content/uploads/2022/04/D07-LEIGO.jpg]
[fdclass.com.br/wp-content/uploads/2022/04/D08-LEIGO.jpg]
[fdclass.com.br/wp-content/uploads/2022/04/D01-LEIGO.jpg]
[fdclass.com.br/wp-content/uploads/2022/04/D02-LEIGO.jpg]
[fdclass.com.br/wp-content/uploads/2022/04/D03-LEIGO.jpg]
[fdclass.com.br/wp-content/uploads/2022/04/D04-LEIGO.jpg]
[fdclass.com.br/wp-content/uploads/2022/04/D05-LEIGO.jpg]
[fdclass.com.br/wp-content/cache/wpfc-minified/7wq2v4px/63ntc.css]
[fdclass.com.br/wp-content/uploads/2021/10/Fred-Facanha-1-1.png]
[fdclass.com.br/wp-content/uploads/2021/10/Compra-Segura-Personalizado-7-dias-1-3-1024x272.png]
[fdclass.com.br/wp-content/uploads/2021/10/whatsapp-4-300x113.png]
[fdclass.com.br/wp-content/cache/wpfc-minified/2dg8b3gj/63ntc.css]
[fdclass.com.br/wp-content/themes/hello-elementor/assets/js/hello-frontend.min8a54.js]
[fdclass.com.br/wp-content/plugins/wp-smushit/app/assets/js/smush-lazy-load.minc063.js]
[fdclass.com.br/wp-content/plugins/elementor-pro/assets/js/webpack-pro.runtime.minccfb.js]
[fdclass.com.br/wp-content/plugins/elementor/assets/js/webpack.runtime.min822f.js]
[fdclass.com.br/wp-content/plugins/elementor/assets/js/frontend-modules.min822f.js]
[fdclass.com.br/wp-content/plugins/elementor-pro/assets/js/frontend.minccfb.js]
[fdclass.com.br/wp-content/plugins/elementor/assets/lib/waypoints/waypoints.min05da.js]
[fdclass.com.br/wp-includes/js/jquery/ui/core.min0028.js]
[fdclass.com.br/wp-content/plugins/elementor/assets/js/frontend.min822f.js]
[fdclass.com.br/wp-content/plugins/elementor-pro/assets/js/elements-handlers.minccfb.js]
[fdclass.com.br/kitwin10-ebook/index.html]
[fdclass.com.br/wp-content/cache/wpfc-minified/9k8dazpp/63ntc.css]
[fdclass.com.br/wp-content/cache/wpfc-minified/1euddkzs/63ntc.css]
[fdclass.com.br/wp-content/uploads/elementor/css/post-4a78f.css]
[fdclass.com.br/wp-content/cache/wpfc-minified/qm0kknzu/63ntc.css]
[fdclass.com.br/wp-content/uploads/2021/10/whatsapp-background-png-5-4.png]
[fdclass.com.br/wp-content/uploads/elementor/css/post-2377e7fa.css]
[fdclass.com.br/wp-content/cache/wpfc-minified/97ajriqx/63ntc.css]
[connect.facebook.net/en_US/fbevents.js]
[fdclass.com.br/wp-content/cache/wpfc-minified/6yif3tmt/63ntc.css]
[fdclass.com.br/wp-content/cache/wpfc-minified/7wq2v4px/63ntc.css]
[fdclass.com.br/wp-content/cache/wpfc-minified/2dg8b3gj/63ntc.css]
[fdclass.com.br/kitwin10-ebook/POST.html]
